Error: /Users/nkostop/Sites/NBG/AutoCode/tempcode/ProjectName/Controllers/AppStatusController.cs(14,39): error CS0723: Cannot declare a variable of static type 'SafeExecutor'
Error: /Users/nkostop/Sites/NBG/AutoCode/tempcode/ProjectName/Controllers/AppStatusController.cs(16,72): error CS0721: 'SafeExecutor': static types cannot be used as parameters
Error: 2 Error(s)
