  Determining projects to restore...
  All projects are up-to-date for restore.
/usr/local/share/dotnet/sdk/8.0.302/Sdks/Microsoft.NET.Sdk.Razor/targets/Sdk.Razor.CurrentVersion.targets(449,5): warning RAZORSDK1006: Detected Razor language version downgrade. This is typically caused by a reference to the Microsoft.AspNetCore.Razor.Design package. Consider removing this package reference. [/Users/nkostop/Sites/NBG/AutoCode/tempcode/ProjectName/ProjectName.csproj]
/Users/nkostop/Sites/NBG/AutoCode/tempcode/ProjectName/Controllers/AppStatusController.cs(14,39): error CS0723: Cannot declare a variable of static type 'SafeExecutor' [/Users/nkostop/Sites/NBG/AutoCode/tempcode/ProjectName/ProjectName.csproj]
/Users/nkostop/Sites/NBG/AutoCode/tempcode/ProjectName/Controllers/AppStatusController.cs(16,72): error CS0721: 'SafeExecutor': static types cannot be used as parameters [/Users/nkostop/Sites/NBG/AutoCode/tempcode/ProjectName/ProjectName.csproj]

Build FAILED.

/usr/local/share/dotnet/sdk/8.0.302/Sdks/Microsoft.NET.Sdk.Razor/targets/Sdk.Razor.CurrentVersion.targets(449,5): warning RAZORSDK1006: Detected Razor language version downgrade. This is typically caused by a reference to the Microsoft.AspNetCore.Razor.Design package. Consider removing this package reference. [/Users/nkostop/Sites/NBG/AutoCode/tempcode/ProjectName/ProjectName.csproj]
/Users/nkostop/Sites/NBG/AutoCode/tempcode/ProjectName/Controllers/AppStatusController.cs(14,39): error CS0723: Cannot declare a variable of static type 'SafeExecutor' [/Users/nkostop/Sites/NBG/AutoCode/tempcode/ProjectName/ProjectName.csproj]
/Users/nkostop/Sites/NBG/AutoCode/tempcode/ProjectName/Controllers/AppStatusController.cs(16,72): error CS0721: 'SafeExecutor': static types cannot be used as parameters [/Users/nkostop/Sites/NBG/AutoCode/tempcode/ProjectName/ProjectName.csproj]
    1 Warning(s)
    2 Error(s)

Time Elapsed 00:00:00.77
